{"/Users/seemaullal/Fullstack/StackStore/server/db/models/user.js":{"path":"/Users/seemaullal/Fullstack/StackStore/server/db/models/user.js","s":{"1":1,"2":1,"3":1,"4":1,"5":1,"6":1,"7":1,"8":2,"9":1,"10":3,"11":3,"12":3,"13":3,"14":1,"15":2,"16":2,"17":2,"18":2,"19":2,"20":1,"21":1,"22":1,"23":1,"24":1},"b":{"1":[2,0]},"f":{"1":2,"2":3,"3":2,"4":1},"fnMap":{"1":{"name":"(anonymous_1)","line":48,"loc":{"start":{"line":48,"column":19},"end":{"line":48,"column":31}}},"2":{"name":"(anonymous_2)","line":52,"loc":{"start":{"line":52,"column":22},"end":{"line":52,"column":49}}},"3":{"name":"(anonymous_3)","line":59,"loc":{"start":{"line":59,"column":19},"end":{"line":59,"column":35}}},"4":{"name":"(anonymous_4)","line":72,"loc":{"start":{"line":72,"column":33},"end":{"line":72,"column":62}}}},"statementMap":{"1":{"start":{"line":2,"column":0},"end":{"line":2,"column":31}},"2":{"start":{"line":3,"column":0},"end":{"line":3,"column":35}},"3":{"start":{"line":4,"column":0},"end":{"line":4,"column":39}},"4":{"start":{"line":5,"column":0},"end":{"line":5,"column":36}},"5":{"start":{"line":6,"column":0},"end":{"line":6,"column":59}},"6":{"start":{"line":8,"column":0},"end":{"line":44,"column":3}},"7":{"start":{"line":48,"column":0},"end":{"line":50,"column":2}},"8":{"start":{"line":49,"column":4},"end":{"line":49,"column":53}},"9":{"start":{"line":52,"column":0},"end":{"line":57,"column":2}},"10":{"start":{"line":53,"column":4},"end":{"line":53,"column":41}},"11":{"start":{"line":54,"column":4},"end":{"line":54,"column":27}},"12":{"start":{"line":55,"column":4},"end":{"line":55,"column":22}},"13":{"start":{"line":56,"column":4},"end":{"line":56,"column":30}},"14":{"start":{"line":59,"column":0},"end":{"line":70,"column":3}},"15":{"start":{"line":61,"column":4},"end":{"line":61,"column":20}},"16":{"start":{"line":63,"column":4},"end":{"line":66,"column":5}},"17":{"start":{"line":64,"column":8},"end":{"line":64,"column":35}},"18":{"start":{"line":65,"column":8},"end":{"line":65,"column":66}},"19":{"start":{"line":68,"column":4},"end":{"line":68,"column":11}},"20":{"start":{"line":72,"column":0},"end":{"line":74,"column":3}},"21":{"start":{"line":73,"column":4},"end":{"line":73,"column":75}},"22":{"start":{"line":76,"column":0},"end":{"line":76,"column":31}},"23":{"start":{"line":77,"column":0},"end":{"line":77,"column":42}},"24":{"start":{"line":79,"column":0},"end":{"line":81,"column":2}}},"branchMap":{"1":{"line":63,"type":"if","locations":[{"start":{"line":63,"column":4},"end":{"line":63,"column":4}},{"start":{"line":63,"column":4},"end":{"line":63,"column":4}}]}}},"/Users/seemaullal/Fullstack/StackStore/server/db/models/sandwich.js":{"path":"/Users/seemaullal/Fullstack/StackStore/server/db/models/sandwich.js","s":{"1":1,"2":1,"3":1,"4":0,"5":1,"6":0,"7":1,"8":1},"b":{},"f":{"1":0,"2":0},"fnMap":{"1":{"name":"getPrice","line":34,"loc":{"start":{"line":34,"column":0},"end":{"line":34,"column":22}}},"2":{"name":"setPrice","line":38,"loc":{"start":{"line":38,"column":0},"end":{"line":38,"column":22}}}},"statementMap":{"1":{"start":{"line":1,"column":0},"end":{"line":1,"column":35}},"2":{"start":{"line":3,"column":0},"end":{"line":32,"column":3}},"3":{"start":{"line":34,"column":0},"end":{"line":36,"column":1}},"4":{"start":{"line":35,"column":4},"end":{"line":35,"column":32}},"5":{"start":{"line":38,"column":0},"end":{"line":40,"column":1}},"6":{"start":{"line":39,"column":4},"end":{"line":39,"column":19}},"7":{"start":{"line":42,"column":0},"end":{"line":42,"column":50}},"8":{"start":{"line":44,"column":0},"end":{"line":47,"column":2}}},"branchMap":{}},"/Users/seemaullal/Fullstack/StackStore/server/db/models/orders.js":{"path":"/Users/seemaullal/Fullstack/StackStore/server/db/models/orders.js","s":{"1":1,"2":1,"3":1,"4":1,"5":1},"b":{},"f":{},"fnMap":{},"statementMap":{"1":{"start":{"line":1,"column":0},"end":{"line":1,"column":35}},"2":{"start":{"line":2,"column":0},"end":{"line":2,"column":39}},"3":{"start":{"line":4,"column":0},"end":{"line":7,"column":3}},"4":{"start":{"line":9,"column":0},"end":{"line":9,"column":45}},"5":{"start":{"line":11,"column":0},"end":{"line":14,"column":2}}},"branchMap":{}}}