TN:
SF:/Users/seemaullal/Fullstack/StackStore/server/db/models/user.js
FN:48,(anonymous_1)
FN:52,(anonymous_2)
FN:59,(anonymous_3)
FN:72,(anonymous_4)
FNF:4
FNH:3
FNDA:2,(anonymous_1)
FNDA:2,(anonymous_2)
FNDA:2,(anonymous_3)
FNDA:0,(anonymous_4)
DA:2,1
DA:3,1
DA:4,1
DA:5,1
DA:6,1
DA:8,1
DA:48,1
DA:49,2
DA:52,1
DA:53,2
DA:54,2
DA:55,2
DA:56,2
DA:59,1
DA:61,2
DA:63,2
DA:64,2
DA:65,2
DA:68,2
DA:72,1
DA:73,0
DA:76,1
DA:77,1
DA:79,1
LF:24
LH:23
BRDA:63,1,0,2
BRDA:63,1,1,0
BRF:2
BRH:1
end_of_record
TN:
SF:/Users/seemaullal/Fullstack/StackStore/server/db/models/sandwich.js
FN:34,getPrice
FN:38,setPrice
FNF:2
FNH:0
FNDA:0,getPrice
FNDA:0,setPrice
DA:1,1
DA:3,1
DA:34,1
DA:35,0
DA:38,1
DA:39,0
DA:42,1
DA:44,1
LF:8
LH:6
BRF:0
BRH:0
end_of_record
TN:
SF:/Users/seemaullal/Fullstack/StackStore/server/db/models/orders.js
FNF:0
FNH:0
DA:1,1
DA:2,1
DA:4,1
DA:9,1
DA:11,1
LF:5
LH:5
BRF:0
BRH:0
end_of_record
